<?xml version="1.0" encoding="UTF-8"?>
<!-- Generated by org.testng.reporters.JUnitReportReporter -->
<testsuite hostname="LAPTOP-RLPANHF6" failures="0" tests="2" name="practice.SampleExtentReportTest" time="26.870" errors="0" timestamp="2021-08-25T14:10:10 IST" skipped="0">
  <testcase classname="practice.SampleExtentReportTest" name="homePageTitle" time="13.079"/>
  <system-out/>
  <testcase classname="practice.SampleExtentReportTest" name="clickOnOrg" time="13.791"/>
  <system-out/>
</testsuite> <!-- practice.SampleExtentReportTest -->
