<?xml version="1.0" encoding="UTF-8"?>
<!-- Generated by org.testng.reporters.JUnitReportReporter -->
<testsuite hostname="LAPTOP-RLPANHF6" failures="0" tests="1" name="practice.DemoTest" time="0.009" errors="0" timestamp="2021-08-19T17:49:33 IST" skipped="0">
  <testcase classname="practice.DemoTest" name="add" time="0.009"/>
  <system-out/>
</testsuite> <!-- practice.DemoTest -->
