<?xml version="1.0" encoding="UTF-8"?>
<!-- Generated by org.testng.reporters.JUnitReportReporter -->
<testsuite hostname="LAPTOP-RLPANHF6" failures="0" tests="1" name="com.vtiger.comcast.productstest.QuickCreatesTest" time="41.027" errors="0" timestamp="2021-08-23T17:13:41 IST" skipped="0">
  <testcase classname="com.vtiger.comcast.productstest.QuickCreatesTest" name="quickCreTest" time="41.027"/>
  <system-out/>
</testsuite> <!-- com.vtiger.comcast.productstest.QuickCreatesTest -->
