<?xml version="1.0" encoding="UTF-8"?>
<!-- Generated by org.testng.reporters.JUnitReportReporter -->
<testsuite hostname="LAPTOP-RLPANHF6" failures="0" tests="1" name="com.vtiger.comcast.productstest.CreateProductTest" time="12.646" errors="0" timestamp="2021-08-23T15:10:51 IST" skipped="0">
  <testcase classname="com.vtiger.comcast.productstest.CreateProductTest" name="createProdTest" time="12.646"/>
  <system-out/>
</testsuite> <!-- com.vtiger.comcast.productstest.CreateProductTest -->
