<?xml version="1.0" encoding="UTF-8"?>
<!-- Generated by org.testng.reporters.JUnitReportReporter -->
<testsuite hostname="LAPTOP-RLPANHF6" failures="0" tests="2" name="practice.ExtentTest" time="28.944" errors="0" timestamp="2021-08-25T13:08:48 IST" skipped="0">
  <testcase classname="practice.ExtentTest" name="homePageTitle" time="13.909"/>
  <system-out/>
  <testcase classname="practice.ExtentTest" name="clickOnOrg" time="15.035"/>
  <system-out/>
</testsuite> <!-- practice.ExtentTest -->
