<?xml version="1.0" encoding="UTF-8"?>
<!-- Generated by org.testng.reporters.JUnitReportReporter -->
<testsuite hostname="LAPTOP-RLPANHF6" failures="0" tests="1" name="practice.NewTest" time="0.009" errors="0" timestamp="2021-08-23T13:58:32 IST" skipped="0">
  <testcase classname="practice.NewTest" name="f" time="0.009"/>
  <system-out/>
</testsuite> <!-- practice.NewTest -->
